1 100
1 100 119
'calculate' ((1, 100), {}) 0.00 sec
1 100 119
'd_calculate' ((1, 100), {}) 0.00 sec
1 1000
1 1000 179
'calculate' ((1, 1000), {}) 0.02 sec
1 1000 179
'd_calculate' ((1, 1000), {}) 0.01 sec
1 10000
1 10000 262
'calculate' ((1, 10000), {}) 0.25 sec
1 10000 262
'd_calculate' ((1, 10000), {}) 0.16 sec
1 100000
1 100000 351
'calculate' ((1, 100000), {}) 3.14 sec
1 100000 351
'd_calculate' ((1, 100000), {}) 2.16 sec
1 1000000
1 1000000 525
'calculate' ((1, 1000000), {}) 38.12 sec
1 1000000 525
'd_calculate' ((1, 1000000), {}) 27.90 sec
1 10
1 10 20
'calculate' ((1, 10), {}) 0.00 sec
1 10 20
'd_calculate' ((1, 10), {}) 0.00 sec
100 200
100 200 125
'calculate' ((100, 200), {}) 0.00 sec
100 200 125
'd_calculate' ((100, 200), {}) 0.00 sec
101 210
101 210 125
'calculate' ((101, 210), {}) 0.00 sec
101 210 125
'd_calculate' ((101, 210), {}) 0.00 sec
201 210
201 210 89
'calculate' ((201, 210), {}) 0.00 sec
201 210 89
'd_calculate' ((201, 210), {}) 0.00 sec
900 1000
900 1000 174
'calculate' ((900, 1000), {}) 0.00 sec
900 1000 174
'd_calculate' ((900, 1000), {}) 0.00 sec
